<?xml version="1.0" encoding="UTF-8"?>
<!-- Generated by org.testng.reporters.JUnitXMLReporter -->
<testsuite hostname="DESKTOP-4OD1DI5" ignored="0" tests="40" failures="0" timestamp="09 may 2019 21:02:47 GMT" time="24.912" errors="0">
  <testcase name="pruebaUnoDebeComprobarQueElDistpacherPuedeManejarDiezLlamadas" time="0.076" classname="LlamadasTest"/>
  <testcase name="pruebaUnoDebeComprobarQueElDistpacherPuedeManejarDiezLlamadas" time="0.077" classname="LlamadasTest"/>
  <testcase name="pruebaUnoDebeComprobarQueElDistpacherPuedeManejarDiezLlamadas" time="0.075" classname="LlamadasTest"/>
  <testcase name="pruebaUnoDebeComprobarQueElDistpacherPuedeManejarDiezLlamadas" time="0.077" classname="LlamadasTest"/>
  <testcase name="pruebaUnoDebeComprobarQueElDistpacherPuedeManejarDiezLlamadas" time="0.077" classname="LlamadasTest"/>
  <testcase name="pruebaUnoDebeComprobarQueElDistpacherPuedeManejarDiezLlamadas" time="0.078" classname="LlamadasTest"/>
  <testcase name="pruebaUnoDebeComprobarQueElDistpacherPuedeManejarDiezLlamadas" time="0.086" classname="LlamadasTest"/>
  <testcase name="pruebaUnoDebeComprobarQueElDistpacherPuedeManejarDiezLlamadas" time="0.091" classname="LlamadasTest"/>
  <testcase name="pruebaUnoDebeComprobarQueElDistpacherPuedeManejarDiezLlamadas" time="0.095" classname="LlamadasTest"/>
  <testcase name="pruebaUnoDebeComprobarQueElDistpacherPuedeManejarDiezLlamadas" time="0.092" classname="LlamadasTest"/>
  <testcase name="pruebaDosComprobarQueElDistpacherPuedeManejarMasDeDiezLlamadas" time="2.005" classname="LlamadasTest"/>
  <testcase name="pruebaDosComprobarQueElDistpacherPuedeManejarMasDeDiezLlamadas" time="3.997" classname="LlamadasTest"/>
  <testcase name="pruebaDosComprobarQueElDistpacherPuedeManejarMasDeDiezLlamadas" time="6.0" classname="LlamadasTest"/>
  <testcase name="pruebaDosComprobarQueElDistpacherPuedeManejarMasDeDiezLlamadas" time="6.001" classname="LlamadasTest"/>
  <testcase name="pruebaDosComprobarQueElDistpacherPuedeManejarMasDeDiezLlamadas" time="6.001" classname="LlamadasTest"/>
  <testcase name="pruebaDosComprobarQueElDistpacherPuedeManejarMasDeDiezLlamadas" time="6.001" classname="LlamadasTest"/>
  <testcase name="pruebaDosComprobarQueElDistpacherPuedeManejarMasDeDiezLlamadas" time="7.002" classname="LlamadasTest"/>
  <testcase name="pruebaDosComprobarQueElDistpacherPuedeManejarMasDeDiezLlamadas" time="8.004" classname="LlamadasTest"/>
  <testcase name="pruebaDosComprobarQueElDistpacherPuedeManejarMasDeDiezLlamadas" time="8.006" classname="LlamadasTest"/>
  <testcase name="pruebaDosComprobarQueElDistpacherPuedeManejarMasDeDiezLlamadas" time="8.01" classname="LlamadasTest"/>
  <testcase name="pruebaDosComprobarQueElDistpacherPuedeManejarMasDeDiezLlamadas" time="9.009" classname="LlamadasTest"/>
  <testcase name="pruebaDosComprobarQueElDistpacherPuedeManejarMasDeDiezLlamadas" time="11.009" classname="LlamadasTest"/>
  <testcase name="pruebaDosComprobarQueElDistpacherPuedeManejarMasDeDiezLlamadas" time="11.008" classname="LlamadasTest"/>
  <testcase name="pruebaDosComprobarQueElDistpacherPuedeManejarMasDeDiezLlamadas" time="11.015" classname="LlamadasTest"/>
  <testcase name="pruebaDosComprobarQueElDistpacherPuedeManejarMasDeDiezLlamadas" time="13.021" classname="LlamadasTest"/>
  <testcase name="pruebaDosComprobarQueElDistpacherPuedeManejarMasDeDiezLlamadas" time="14.047" classname="LlamadasTest"/>
  <testcase name="pruebaDosComprobarQueElDistpacherPuedeManejarMasDeDiezLlamadas" time="15.023" classname="LlamadasTest"/>
  <testcase name="pruebaDosComprobarQueElDistpacherPuedeManejarMasDeDiezLlamadas" time="16.024" classname="LlamadasTest"/>
  <testcase name="pruebaDosComprobarQueElDistpacherPuedeManejarMasDeDiezLlamadas" time="16.027" classname="LlamadasTest"/>
  <testcase name="pruebaDosComprobarQueElDistpacherPuedeManejarMasDeDiezLlamadas" time="17.035" classname="LlamadasTest"/>
  <testcase name="pruebaDosComprobarQueElDistpacherPuedeManejarMasDeDiezLlamadas" time="17.037" classname="LlamadasTest"/>
  <testcase name="pruebaDosComprobarQueElDistpacherPuedeManejarMasDeDiezLlamadas" time="18.043" classname="LlamadasTest"/>
  <testcase name="pruebaDosComprobarQueElDistpacherPuedeManejarMasDeDiezLlamadas" time="18.047" classname="LlamadasTest"/>
  <testcase name="pruebaDosComprobarQueElDistpacherPuedeManejarMasDeDiezLlamadas" time="19.049" classname="LlamadasTest"/>
  <testcase name="pruebaDosComprobarQueElDistpacherPuedeManejarMasDeDiezLlamadas" time="19.052" classname="LlamadasTest"/>
  <testcase name="pruebaDosComprobarQueElDistpacherPuedeManejarMasDeDiezLlamadas" time="21.055" classname="LlamadasTest"/>
  <testcase name="pruebaDosComprobarQueElDistpacherPuedeManejarMasDeDiezLlamadas" time="22.058" classname="LlamadasTest"/>
  <testcase name="pruebaDosComprobarQueElDistpacherPuedeManejarMasDeDiezLlamadas" time="23.062" classname="LlamadasTest"/>
  <testcase name="pruebaDosComprobarQueElDistpacherPuedeManejarMasDeDiezLlamadas" time="23.063" classname="LlamadasTest"/>
  <testcase name="pruebaDosComprobarQueElDistpacherPuedeManejarMasDeDiezLlamadas" time="24.066" classname="LlamadasTest"/>
</testsuite>
